Mon Mar 14 16:05:59 CET 2016 : Apache Derby Serveur réseau - 10.8.3.2 - (1557835) démarré et prêt à accepter les connexions sur le port 1527
----------------------------------------------------------------
Mon Mar 14 16:06:00 CET 2016:
Amorçage de Derby version The Apache Software Foundation - Apache Derby - 10.8.3.2 - (1557835) : instance a816c00e-0153-75a9-854a-ffffb7b17862 
dans le répertoire de base de données L:\Mes documents\NetBeansProjects\TP-COLLECTIF-B3129\Database\Collectif-B3129  avec le chargeur de classe sun.misc.Launcher$AppClassLoader@1f183871

java.vendor=Oracle Corporation
java.runtime.version=1.7.0_71-b14
user.dir=C:\Program Files\Java\jdk1.7.0_71\db
os.name=Windows 7
os.arch=amd64
os.version=6.1
derby.system.home=L:\Mes documents\NetBeansProjects\TP-COLLECTIF-B3129\Database
Chargeur de classe de la base de données démarré - derby.database.classpath=''
----------------------------------------------------------------
Mon Mar 14 16:06:14 CET 2016:
Fermeture de l'instance a816c00e-0153-75a9-854a-ffffb7b17862 sur le répertoire de base de données L:\Mes documents\NetBeansProjects\TP-COLLECTIF-B3129\Database\Collectif-B3129 avec le chargeur de classe sun.misc.Launcher$AppClassLoader@1f183871
Mon Mar 14 16:06:15 CET 2016 Thread[DRDAConnThread_4,5,main] (DATABASE = Collectif-B3129), (DRDAID = {2}), Arrêt de la base de données 'Collectif-B3129'.
----------------------------------------------------------------
Mon Mar 14 16:06:31 CET 2016:
Amorçage de Derby version The Apache Software Foundation - Apache Derby - 10.8.3.2 - (1557835) : instance 6c44409f-0153-75a9-854a-ffffb7b17862 
dans le répertoire de base de données L:\Mes documents\NetBeansProjects\TP-COLLECTIF-B3129\Database\Collectif-B3129  avec le chargeur de classe sun.misc.Launcher$AppClassLoader@1f183871

java.vendor=Oracle Corporation
java.runtime.version=1.7.0_71-b14
user.dir=C:\Program Files\Java\jdk1.7.0_71\db
os.name=Windows 7
os.arch=amd64
os.version=6.1
derby.system.home=L:\Mes documents\NetBeansProjects\TP-COLLECTIF-B3129\Database
Chargeur de classe de la base de données démarré - derby.database.classpath=''
